<?xml version="1.0" encoding="UTF-8"?>
<!-- Generated by org.testng.reporters.JUnitXMLReporter -->
<testsuite hostname="LAPTOP-Q33L4MJO" ignored="0" name="Patient_Module_TestCase" tests="6" failures="1" timestamp="31 Mar 2023 13:20:51 GMT" time="26.41" errors="0">
  <testcase name="patientCreation" time="2.747" classname="org.PageModules.Patient_Module">
    <failure type="org.openqa.selenium.ElementClickInterceptedException" message="element click intercepted: Element &amp;lt;button id=&amp;quot;gender_dropdown&amp;quot; class=&amp;quot;dropdown-toggle settings-heading settings-buttonColor settings-button&amp;quot; style=&amp;quot;width:100%;&amp;quot; data-toggle=&amp;quot;dropdown&amp;quot; aria-expanded=&amp;quot;false&amp;quot;&amp;gt;...&amp;lt;/button&amp;gt; is not clickable at point (650, 297). Other element would receive the click: &amp;lt;div id=&amp;quot;--working--&amp;quot; class=&amp;quot;center-cont&amp;quot; style=&amp;quot;width: 100%; height: 100vh; position: fixed; left: 0px; top: 0px; z-index: 1030; background-color: rgba(239, 239, 239, 0.5); overflow: hidden !important; display: flex;&amp;quot;&amp;gt;...&amp;lt;/div&amp;gt;
  (Session info: chrome=111.0.5563.147)
Build info: version: &amp;apos;3.141.59&amp;apos;, revision: &amp;apos;e82be7d358&amp;apos;, time: &amp;apos;2018-11-14T08:17:03&amp;apos;
System info: host: &amp;apos;LAPTOP-Q33L4MJO&amp;apos;, ip: &amp;apos;192.168.29.33&amp;apos;, os.name: &amp;apos;Windows 11&amp;apos;, os.arch: &amp;apos;amd64&amp;apos;, os.version: &amp;apos;10.0&amp;apos;, java.version: &amp;apos;1.8.0_331&amp;apos;
Driver info: org.openqa.selenium.chrome.ChromeDriver
Capabilities {acceptInsecureCerts: false, browserName: chrome, browserVersion: 111.0.5563.147, chrome: {chromedriverVersion: 111.0.5563.64 (c710e93d5b63..., userDataDir: C:\Users\keert\AppData\Loca...}, goog:chromeOptions: {debuggerAddress: localhost:56449}, javascriptEnabled: true, networkConnectionEnabled: false, pageLoadStrategy: normal, platform: WINDOWS, platformName: WINDOWS, proxy: Proxy(), setWindowRect: true, strictFileInteractability: false, timeouts: {implicit: 0, pageLoad: 300000, script: 30000}, unhandledPromptBehavior: dismiss and notify, webauthn:extension:credBlob: true, webauthn:extension:largeBlob: true, webauthn:extension:minPinLength: true, webauthn:extension:prf: true, webauthn:virtualAuthenticators: true}
Session ID: 03f033f6a3f4f67731e4f20b027d6447">
      <![CDATA[org.openqa.selenium.ElementClickInterceptedException: element click intercepted: Element <button id="gender_dropdown" class="dropdown-toggle settings-heading settings-buttonColor settings-button" style="width:100%;" data-toggle="dropdown" aria-expanded="false">...</button> is not clickable at point (650, 297). Other element would receive the click: <div id="--working--" class="center-cont" style="width: 100%; height: 100vh; position: fixed; left: 0px; top: 0px; z-index: 1030; background-color: rgba(239, 239, 239, 0.5); overflow: hidden !important; display: flex;">...</div>
  (Session info: chrome=111.0.5563.147)
Build info: version: '3.141.59', revision: 'e82be7d358', time: '2018-11-14T08:17:03'
System info: host: 'LAPTOP-Q33L4MJO', ip: '192.168.29.33', os.name: 'Windows 11', os.arch: 'amd64', os.version: '10.0', java.version: '1.8.0_331'
Driver info: org.openqa.selenium.chrome.ChromeDriver
Capabilities {acceptInsecureCerts: false, browserName: chrome, browserVersion: 111.0.5563.147, chrome: {chromedriverVersion: 111.0.5563.64 (c710e93d5b63..., userDataDir: C:\Users\keert\AppData\Loca...}, goog:chromeOptions: {debuggerAddress: localhost:56449}, javascriptEnabled: true, networkConnectionEnabled: false, pageLoadStrategy: normal, platform: WINDOWS, platformName: WINDOWS, proxy: Proxy(), setWindowRect: true, strictFileInteractability: false, timeouts: {implicit: 0, pageLoad: 300000, script: 30000}, unhandledPromptBehavior: dismiss and notify, webauthn:extension:credBlob: true, webauthn:extension:largeBlob: true, webauthn:extension:minPinLength: true, webauthn:extension:prf: true, webauthn:virtualAuthenticators: true}
Session ID: 03f033f6a3f4f67731e4f20b027d6447
	at org.openqa.selenium.remote.http.W3CHttpResponseCodec.createException(W3CHttpResponseCodec.java:187)
	at org.openqa.selenium.remote.http.W3CHttpResponseCodec.decode(W3CHttpResponseCodec.java:122)
	at org.openqa.selenium.remote.http.W3CHttpResponseCodec.decode(W3CHttpResponseCodec.java:49)
	at org.openqa.selenium.remote.HttpCommandExecutor.execute(HttpCommandExecutor.java:158)
	at org.openqa.selenium.remote.service.DriverCommandExecutor.execute(DriverCommandExecutor.java:83)
	at org.openqa.selenium.remote.RemoteWebDriver.execute(RemoteWebDriver.java:552)
	at org.openqa.selenium.remote.RemoteWebElement.execute(RemoteWebElement.java:285)
	at org.openqa.selenium.remote.RemoteWebElement.click(RemoteWebElement.java:84)
	at org.openqa.selenium.support.pagefactory.internal.LocatingElementHandler.invoke(LocatingElementHandler.java:51)
	at com.sun.proxy.$Proxy14.click(Unknown Source)
	at org.base.Base.click(Base.java:83)
	at org.PageModules.Patient_Module.patientCreation(Patient_Module.java:31)
... Removed 33 stack frames]]>
    </failure>
  </testcase> <!-- patientCreation -->
  <testcase name="verifyPatientSaerchAndClick" time="2.189" classname="org.PageModules.Patient_Module"/>
  <testcase name="alternateContact" time="7.384" classname="org.PageModules.Patient_Module"/>
  <testcase name="contactInfo" time="8.054" classname="org.PageModules.Patient_Module"/>
  <testcase name="patientInfo" time="1.156" classname="org.PageModules.Patient_Module"/>
  <testcase name="verifyFilterSearchAndCcdImport" time="4.686" classname="org.PageModules.Patient_Module"/>
</testsuite> <!-- Patient_Module_TestCase -->
