<?xml version="1.0" encoding="UTF-8"?>
<!-- Generated by org.testng.reporters.JUnitXMLReporter -->
<testsuite hostname="LAPTOP-Q33L4MJO" ignored="0" name="Patient_Module" tests="6" failures="0" timestamp="29 Mar 2023 11:28:18 GMT" time="0.124" errors="0">
  <testcase name="@BeforeSuite openConnection" time="0.0" classname="org.Launch.LaunchBrowser">
    <failure type="org.openqa.selenium.WebDriverException" message="unknown error: net::ERR_INTERNET_DISCONNECTED
  (Session info: chrome=111.0.5563.146)
Build info: version: &amp;apos;3.141.59&amp;apos;, revision: &amp;apos;e82be7d358&amp;apos;, time: &amp;apos;2018-11-14T08:17:03&amp;apos;
System info: host: &amp;apos;LAPTOP-Q33L4MJO&amp;apos;, ip: &amp;apos;127.0.0.1&amp;apos;, os.name: &amp;apos;Windows 11&amp;apos;, os.arch: &amp;apos;amd64&amp;apos;, os.version: &amp;apos;10.0&amp;apos;, java.version: &amp;apos;1.8.0_331&amp;apos;
Driver info: org.openqa.selenium.chrome.ChromeDriver
Capabilities {acceptInsecureCerts: false, browserName: chrome, browserVersion: 111.0.5563.146, chrome: {chromedriverVersion: 111.0.5563.64 (c710e93d5b63..., userDataDir: C:\Users\keert\AppData\Loca...}, goog:chromeOptions: {debuggerAddress: localhost:62912}, javascriptEnabled: true, networkConnectionEnabled: false, pageLoadStrategy: normal, platform: WINDOWS, platformName: WINDOWS, proxy: Proxy(), setWindowRect: true, strictFileInteractability: false, timeouts: {implicit: 0, pageLoad: 300000, script: 30000}, unhandledPromptBehavior: dismiss and notify, webauthn:extension:credBlob: true, webauthn:extension:largeBlob: true, webauthn:extension:minPinLength: true, webauthn:extension:prf: true, webauthn:virtualAuthenticators: true}
Session ID: 5e555dd3c5ee9ea553a902133bacbdc5">
      <![CDATA[org.openqa.selenium.WebDriverException: unknown error: net::ERR_INTERNET_DISCONNECTED
  (Session info: chrome=111.0.5563.146)
Build info: version: '3.141.59', revision: 'e82be7d358', time: '2018-11-14T08:17:03'
System info: host: 'LAPTOP-Q33L4MJO', ip: '127.0.0.1', os.name: 'Windows 11', os.arch: 'amd64', os.version: '10.0', java.version: '1.8.0_331'
Driver info: org.openqa.selenium.chrome.ChromeDriver
Capabilities {acceptInsecureCerts: false, browserName: chrome, browserVersion: 111.0.5563.146, chrome: {chromedriverVersion: 111.0.5563.64 (c710e93d5b63..., userDataDir: C:\Users\keert\AppData\Loca...}, goog:chromeOptions: {debuggerAddress: localhost:62912}, javascriptEnabled: true, networkConnectionEnabled: false, pageLoadStrategy: normal, platform: WINDOWS, platformName: WINDOWS, proxy: Proxy(), setWindowRect: true, strictFileInteractability: false, timeouts: {implicit: 0, pageLoad: 300000, script: 30000}, unhandledPromptBehavior: dismiss and notify, webauthn:extension:credBlob: true, webauthn:extension:largeBlob: true, webauthn:extension:minPinLength: true, webauthn:extension:prf: true, webauthn:virtualAuthenticators: true}
Session ID: 5e555dd3c5ee9ea553a902133bacbdc5
	at org.openqa.selenium.remote.http.W3CHttpResponseCodec.createException(W3CHttpResponseCodec.java:187)
	at org.openqa.selenium.remote.http.W3CHttpResponseCodec.decode(W3CHttpResponseCodec.java:122)
	at org.openqa.selenium.remote.http.W3CHttpResponseCodec.decode(W3CHttpResponseCodec.java:49)
	at org.openqa.selenium.remote.HttpCommandExecutor.execute(HttpCommandExecutor.java:158)
	at org.openqa.selenium.remote.service.DriverCommandExecutor.execute(DriverCommandExecutor.java:83)
	at org.openqa.selenium.remote.RemoteWebDriver.execute(RemoteWebDriver.java:552)
	at org.openqa.selenium.remote.RemoteWebDriver.get(RemoteWebDriver.java:277)
	at org.Launch.LaunchBrowser.openConnection(LaunchBrowser.java:100)
... Removed 23 stack frames]]>
    </failure>
  </testcase> <!-- @BeforeSuite openConnection -->
  <testcase name="@BeforeTest getTheTestName" time="0.0" classname="org.Launch.LaunchBrowser">
    <skipped/>
  </testcase> <!-- @BeforeTest getTheTestName -->
  <testcase name="@BeforeMethod verifyTheName" time="0.0" classname="org.Launch.LaunchBrowser">
    <skipped/>
  </testcase> <!-- @BeforeMethod verifyTheName -->
  <testcase name="@AfterMethod checkStatus" time="0.0" classname="org.Launch.LaunchBrowser">
    <skipped/>
  </testcase> <!-- @AfterMethod checkStatus -->
  <testcase name="@BeforeMethod verifyTheName" time="0.0" classname="org.Launch.LaunchBrowser">
    <skipped/>
  </testcase> <!-- @BeforeMethod verifyTheName -->
  <testcase name="@AfterMethod checkStatus" time="0.0" classname="org.Launch.LaunchBrowser">
    <skipped/>
  </testcase> <!-- @AfterMethod checkStatus -->
  <testcase name="@BeforeMethod verifyTheName" time="0.0" classname="org.Launch.LaunchBrowser">
    <skipped/>
  </testcase> <!-- @BeforeMethod verifyTheName -->
  <testcase name="@AfterMethod checkStatus" time="0.0" classname="org.Launch.LaunchBrowser">
    <skipped/>
  </testcase> <!-- @AfterMethod checkStatus -->
  <testcase name="@BeforeMethod verifyTheName" time="0.0" classname="org.Launch.LaunchBrowser">
    <skipped/>
  </testcase> <!-- @BeforeMethod verifyTheName -->
  <testcase name="@AfterMethod checkStatus" time="0.0" classname="org.Launch.LaunchBrowser">
    <skipped/>
  </testcase> <!-- @AfterMethod checkStatus -->
  <testcase name="@BeforeMethod verifyTheName" time="0.0" classname="org.Launch.LaunchBrowser">
    <skipped/>
  </testcase> <!-- @BeforeMethod verifyTheName -->
  <testcase name="@AfterMethod checkStatus" time="0.0" classname="org.Launch.LaunchBrowser">
    <skipped/>
  </testcase> <!-- @AfterMethod checkStatus -->
  <testcase name="@BeforeMethod verifyTheName" time="0.0" classname="org.Launch.LaunchBrowser">
    <skipped/>
  </testcase> <!-- @BeforeMethod verifyTheName -->
  <testcase name="@AfterMethod checkStatus" time="0.0" classname="org.Launch.LaunchBrowser">
    <skipped/>
  </testcase> <!-- @AfterMethod checkStatus -->
  <testcase name="patientCreation" time="0.0" classname="org.SmokeTesting.Patient_Module">
    <skipped/>
  </testcase> <!-- patientCreation -->
  <testcase name="verifyPatientSaerchAndClick" time="0.0" classname="org.SmokeTesting.Patient_Module">
    <skipped/>
  </testcase> <!-- verifyPatientSaerchAndClick -->
  <testcase name="alternateContact" time="0.0" classname="org.SmokeTesting.Patient_Module">
    <skipped/>
  </testcase> <!-- alternateContact -->
  <testcase name="contactInfo" time="0.0" classname="org.SmokeTesting.Patient_Module">
    <skipped/>
  </testcase> <!-- contactInfo -->
  <testcase name="patientInfo" time="0.0" classname="org.SmokeTesting.Patient_Module">
    <skipped/>
  </testcase> <!-- patientInfo -->
  <testcase name="verifyFilterSearchAndCcdImport" time="0.0" classname="org.SmokeTesting.Patient_Module">
    <skipped/>
  </testcase> <!-- verifyFilterSearchAndCcdImport -->
</testsuite> <!-- Patient_Module -->
